New log file opened at Tue Jul 21 15:40:37 MSK 2015 by 7140@sgl-UX32A
Sending msg to client play-fork-run-32e859b3-4a1d-4005-91cf-7576efcbbd95: DetachedLogEvent(LogMessage(debug,sbt server socket logs are in: /home/sgl/develop/sources/Play/play-slick-advanced/.sbtserver/connections/master.log))
Sending msg to client play-fork-run-32e859b3-4a1d-4005-91cf-7576efcbbd95: DetachedLogEvent(LogMessage(debug,sbt client logs are in: /home/sgl/develop/sources/Play/play-slick-advanced/.sbtserver/connections/play-fork-run-32e859b3-4a1d-4005-91cf-7576efcbbd95.log))
Reading next message from client.
Got request: ListenToEvents()
Reading next message from client.
Sending msg to client play-fork-run-32e859b3-4a1d-4005-91cf-7576efcbbd95: DetachedLogEvent(LogMessage(debug,sbt general server logs are in: /home/sgl/develop/sources/Play/play-slick-advanced/.sbtserver/master.log))
Sending msg to client play-fork-run-32e859b3-4a1d-4005-91cf-7576efcbbd95: DetachedLogEvent(LogMessage(debug,> --initialize))
Sending msg to client play-fork-run-32e859b3-4a1d-4005-91cf-7576efcbbd95: (3,ReceivedResponse())
Sending msg to client play-fork-run-32e859b3-4a1d-4005-91cf-7576efcbbd95: DetachedLogEvent(LogMessage(debug,> initialize))
Sending msg to client play-fork-run-32e859b3-4a1d-4005-91cf-7576efcbbd95: DetachedLogEvent(LogMessage(debug,> onFailure load-failed))
Sending msg to client play-fork-run-32e859b3-4a1d-4005-91cf-7576efcbbd95: DetachedLogEvent(LogMessage(debug,> boot))
Sending msg to client play-fork-run-32e859b3-4a1d-4005-91cf-7576efcbbd95: DetachedLogEvent(LogMessage(debug,> reload))
Sending msg to client play-fork-run-32e859b3-4a1d-4005-91cf-7576efcbbd95: DetachedLogEvent(LogMessage(debug,[Loading] Scanning directory /home/sgl/develop/sources/Play/play-slick-advanced/project))
Sending msg to client play-fork-run-32e859b3-4a1d-4005-91cf-7576efcbbd95: DetachedLogEvent(LogMessage(debug,[Loading] Found non-root projects ))
Sending msg to client play-fork-run-32e859b3-4a1d-4005-91cf-7576efcbbd95: DetachedLogEvent(LogMessage(debug,[Loading] Done in /home/sgl/develop/sources/Play/play-slick-advanced/project, returning: ()))
Sending msg to client play-fork-run-32e859b3-4a1d-4005-91cf-7576efcbbd95: DetachedLogEvent(LogMessage(debug,deducing auto plugins based on known facts Set(Atom(sbt.plugins.CorePlugin)) and clauses Clauses(List(Clause(Atom(sbt.plugins.JvmPlugin),Set(Atom(sbt.plugins.IvyPlugin))), Clause(Atom(sbt.plugins.JUnitXmlReportPlugin),Set(Atom(sbt.plugins.JvmPlugin))), Clause(Atom(sbt.plugins.CorePlugin),Set(Atom(sbt.plugins.IvyPlugin))), Clause(Atom(sbt.plugins.IvyPlugin),Set(Atom(sbt.plugins.JvmPlugin))), Clause(Atom(sbt.plugins.JvmPlugin),Set(Atom(sbt.plugins.JUnitXmlReportPlugin)))))))
Sending msg to client play-fork-run-32e859b3-4a1d-4005-91cf-7576efcbbd95: DetachedLogEvent(LogMessage(debug,  :: deduced result: Matched(sbt.plugins.CorePlugin,sbt.plugins.IvyPlugin,sbt.plugins.JvmPlugin,sbt.plugins.JUnitXmlReportPlugin)))
Sending msg to client play-fork-run-32e859b3-4a1d-4005-91cf-7576efcbbd95: DetachedLogEvent(LogMessage(debug,sorting: ns: List(sbt.plugins.CorePlugin, sbt.plugins.IvyPlugin, sbt.plugins.JvmPlugin, sbt.plugins.JUnitXmlReportPlugin)))
Sending msg to client play-fork-run-32e859b3-4a1d-4005-91cf-7576efcbbd95: DetachedLogEvent(LogMessage(debug,  :: sorting:: found: List(sbt.plugins.CorePlugin) not found List(sbt.plugins.IvyPlugin, sbt.plugins.JvmPlugin, sbt.plugins.JUnitXmlReportPlugin)))
Sending msg to client play-fork-run-32e859b3-4a1d-4005-91cf-7576efcbbd95: DetachedLogEvent(LogMessage(debug,  :: sorting:: found: List(sbt.plugins.CorePlugin, sbt.plugins.IvyPlugin) not found List(sbt.plugins.JvmPlugin, sbt.plugins.JUnitXmlReportPlugin)))
Sending msg to client play-fork-run-32e859b3-4a1d-4005-91cf-7576efcbbd95: DetachedLogEvent(LogMessage(debug,  :: sorting:: found: List(sbt.plugins.CorePlugin, sbt.plugins.IvyPlugin, sbt.plugins.JvmPlugin) not found List(sbt.plugins.JUnitXmlReportPlugin)))
Sending msg to client play-fork-run-32e859b3-4a1d-4005-91cf-7576efcbbd95: DetachedLogEvent(LogMessage(debug,  :: sorting:: found: List(sbt.plugins.CorePlugin, sbt.plugins.IvyPlugin, sbt.plugins.JvmPlugin, sbt.plugins.JUnitXmlReportPlugin) not found List()))
Sending msg to client play-fork-run-32e859b3-4a1d-4005-91cf-7576efcbbd95: DetachedLogEvent(LogMessage(debug,  :: sorted deduced result: List(sbt.plugins.CorePlugin, sbt.plugins.IvyPlugin, sbt.plugins.JvmPlugin, sbt.plugins.JUnitXmlReportPlugin)))
Sending msg to client play-fork-run-32e859b3-4a1d-4005-91cf-7576efcbbd95: DetachedLogEvent(LogMessage(debug,[Loading] Done in /home/sgl/develop/sources/Play/play-slick-advanced/project, returning: (play-slick-advanced-build)))
Sending msg to client play-fork-run-32e859b3-4a1d-4005-91cf-7576efcbbd95: DetachedLogEvent(LogMessage(info,Loading project definition from /home/sgl/develop/sources/Play/play-slick-advanced/project))
Sending msg to client play-fork-run-32e859b3-4a1d-4005-91cf-7576efcbbd95: DetachedLogEvent(LogMessage(debug,Running task... Cancel: sbt.TaskCancellationStrategy$Null$@394c8c64, check cycles: false))
Sending msg to client play-fork-run-32e859b3-4a1d-4005-91cf-7576efcbbd95: DetachedLogEvent(LogStdOut([warn] Multiple resolvers having different access mechanism configured with same name 'typesafe-releases'. To avoid conflict, Remove duplicate project resolvers (`resolvers`) or rename publishing resolver (`publishTo`).))
Sending msg to client play-fork-run-32e859b3-4a1d-4005-91cf-7576efcbbd95: DetachedLogEvent(LogMessage(warn,Multiple resolvers having different access mechanism configured with same name 'typesafe-releases'. To avoid conflict, Remove duplicate project resolvers (`resolvers`) or rename publishing resolver (`publishTo`).))
Sending msg to client play-fork-run-32e859b3-4a1d-4005-91cf-7576efcbbd95: DetachedLogEvent(LogMessage(debug,
Initial source changes: 
	removed:Set()
	added: Set()
	modified: Set()
Removed products: Set()
External API changes: API Changes: Set()
Modified binary dependencies: Set()
Initial directly invalidated sources: Set()

Sources indirectly invalidated by:
	product: Set()
	binary dep: Set()
	external source: Set()))
Sending msg to client play-fork-run-32e859b3-4a1d-4005-91cf-7576efcbbd95: DetachedLogEvent(LogMessage(debug,All initially invalidated sources: Set()
))
Sending msg to client play-fork-run-32e859b3-4a1d-4005-91cf-7576efcbbd95: DetachedLogEvent(LogMessage(debug,Copy resource mappings: 
	))
Sending msg to client play-fork-run-32e859b3-4a1d-4005-91cf-7576efcbbd95: DetachedLogEvent(LogMessage(debug,[Loading] Scanning directory /home/sgl/develop/sources/Play/play-slick-advanced))
Sending msg to client play-fork-run-32e859b3-4a1d-4005-91cf-7576efcbbd95: DetachedLogEvent(LogMessage(debug,[Loading] Found root project play-slick-advanced w/ remaining ))
Sending msg to client play-fork-run-32e859b3-4a1d-4005-91cf-7576efcbbd95: DetachedLogEvent(LogMessage(debug,deducing auto plugins based on known facts Set(Atom(play.PlayScala), Atom(com.typesafe.sbt.web.SbtWeb), Atom(sbt.plugins.CorePlugin)) and clauses Clauses(List(Clause(Atom(sbt.plugins.JvmPlugin),Set(Atom(sbt.plugins.IvyPlugin))), Clause(Atom(sbt.plugins.JUnitXmlReportPlugin),Set(Atom(sbt.plugins.JvmPlugin))), Clause(Atom(play.Play),Set(Atom(com.typesafe.sbt.webdriver.SbtWebDriver))), Clause(Atom(play.Play),Set(Atom(play.twirl.sbt.SbtTwirl))), Clause(Atom(play.Play),Set(Atom(com.typesafe.sbt.jse.SbtJsTask))), Clause(Atom(play.PlayJava),Set(Atom(play.Play))), Clause(Atom(play.PlayScala),Set(Atom(play.Play))), Clause(Atom(play.twirl.sbt.SbtTwirl),Set(Atom(sbt.plugins.JvmPlugin))), Clause(Atom(com.typesafe.sbt.jse.SbtJsTask),Set(Atom(com.typesafe.sbt.jse.SbtJsEngine))), Clause(Atom(sbt.plugins.BackgroundRunPlugin),Set(Atom(sbt.plugins.JvmPlugin))), Clause(Atom(play.sbt.forkrun.PlayForkRun),Set(Atom(sbt.plugins.BackgroundRunPlugin))), Clause(Atom(play.sbt.forkrun.PlayForkRun),Set(Atom(play.Play))), Clause(Atom(play.sbt.forkrun.PlayForkRun),Set(Atom(sbt.plugins.SerializersPlugin))), Clause(Atom(sbt.plugins.CorePlugin),Set(Atom(sbt.plugins.IvyPlugin))), Clause(Atom(sbt.plugins.IvyPlugin),Set(Atom(sbt.plugins.JvmPlugin))), Clause(Atom(sbt.plugins.JvmPlugin),Set(Atom(sbt.plugins.JUnitXmlReportPlugin))), Clause(Atom(com.typesafe.sbt.web.SbtWeb),Set(Atom(com.typesafe.sbt.jse.SbtJsEngine))), Clause(Atom(com.typesafe.sbt.jse.SbtJsEngine),Set(Atom(com.typesafe.sbt.jse.SbtJsTask))), Clause(Atom(com.typesafe.sbt.web.SbtWeb),Set(Atom(com.typesafe.sbt.webdriver.SbtWebDriver))), Clause(Atom(sbt.plugins.JvmPlugin),Set(Atom(sbt.plugins.BackgroundRunPlugin))), Clause(Atom(sbt.plugins.CorePlugin),Set(Atom(sbt.plugins.InteractionServicePlugin))), Clause(Atom(sbt.plugins.CorePlugin),Set(Atom(sbt.plugins.SendEventServicePlugin))), Clause(Atom(sbt.plugins.CorePlugin),Set(Atom(sbt.plugins.SerializersPlugin))), Clause(And(Set(Atom(sbt.plugins.BackgroundRunPlugin), Atom(play.Play), Atom(sbt.plugins.SerializersPlugin))),Set(Atom(play.sbt.forkrun.PlayForkRun)))))))
Sending msg to client play-fork-run-32e859b3-4a1d-4005-91cf-7576efcbbd95: DetachedLogEvent(LogMessage(debug,  :: deduced result: Matched(sbt.plugins.CorePlugin,com.typesafe.sbt.web.SbtWeb,play.PlayScala,sbt.plugins.InteractionServicePlugin,sbt.plugins.SendEventServicePlugin,play.Play,sbt.plugins.SerializersPlugin,sbt.plugins.IvyPlugin,com.typesafe.sbt.webdriver.SbtWebDriver,com.typesafe.sbt.jse.SbtJsEngine,sbt.plugins.JvmPlugin,com.typesafe.sbt.jse.SbtJsTask,play.twirl.sbt.SbtTwirl,sbt.plugins.BackgroundRunPlugin,sbt.plugins.JUnitXmlReportPlugin,play.sbt.forkrun.PlayForkRun)))
Sending msg to client play-fork-run-32e859b3-4a1d-4005-91cf-7576efcbbd95: DetachedLogEvent(LogMessage(debug,sorting: ns: List(sbt.plugins.CorePlugin, com.typesafe.sbt.web.SbtWeb, play.PlayScala, sbt.plugins.InteractionServicePlugin, sbt.plugins.SendEventServicePlugin, play.Play, sbt.plugins.SerializersPlugin, sbt.plugins.IvyPlugin, com.typesafe.sbt.webdriver.SbtWebDriver, com.typesafe.sbt.jse.SbtJsEngine, sbt.plugins.JvmPlugin, com.typesafe.sbt.jse.SbtJsTask, play.twirl.sbt.SbtTwirl, sbt.plugins.BackgroundRunPlugin, sbt.plugins.JUnitXmlReportPlugin, play.sbt.forkrun.PlayForkRun)))
Sending msg to client play-fork-run-32e859b3-4a1d-4005-91cf-7576efcbbd95: DetachedLogEvent(LogMessage(debug,  :: sorting:: found: List(sbt.plugins.CorePlugin, com.typesafe.sbt.web.SbtWeb) not found List(play.PlayScala, sbt.plugins.InteractionServicePlugin, sbt.plugins.SendEventServicePlugin, play.Play, sbt.plugins.SerializersPlugin, sbt.plugins.IvyPlugin, com.typesafe.sbt.webdriver.SbtWebDriver, com.typesafe.sbt.jse.SbtJsEngine, sbt.plugins.JvmPlugin, com.typesafe.sbt.jse.SbtJsTask, play.twirl.sbt.SbtTwirl, sbt.plugins.BackgroundRunPlugin, sbt.plugins.JUnitXmlReportPlugin, play.sbt.forkrun.PlayForkRun)))
Sending msg to client play-fork-run-32e859b3-4a1d-4005-91cf-7576efcbbd95: DetachedLogEvent(LogMessage(debug,  :: sorting:: found: List(sbt.plugins.CorePlugin, com.typesafe.sbt.web.SbtWeb, sbt.plugins.InteractionServicePlugin, sbt.plugins.SendEventServicePlugin, sbt.plugins.SerializersPlugin, sbt.plugins.IvyPlugin, com.typesafe.sbt.webdriver.SbtWebDriver, com.typesafe.sbt.jse.SbtJsEngine) not found List(play.PlayScala, play.Play, sbt.plugins.JvmPlugin, com.typesafe.sbt.jse.SbtJsTask, play.twirl.sbt.SbtTwirl, sbt.plugins.BackgroundRunPlugin, sbt.plugins.JUnitXmlReportPlugin, play.sbt.forkrun.PlayForkRun)))
Sending msg to client play-fork-run-32e859b3-4a1d-4005-91cf-7576efcbbd95: DetachedLogEvent(LogMessage(debug,  :: sorting:: found: List(sbt.plugins.CorePlugin, com.typesafe.sbt.web.SbtWeb, sbt.plugins.InteractionServicePlugin, sbt.plugins.SendEventServicePlugin, sbt.plugins.SerializersPlugin, sbt.plugins.IvyPlugin, com.typesafe.sbt.webdriver.SbtWebDriver, com.typesafe.sbt.jse.SbtJsEngine, sbt.plugins.JvmPlugin, com.typesafe.sbt.jse.SbtJsTask) not found List(play.PlayScala, play.Play, play.twirl.sbt.SbtTwirl, sbt.plugins.BackgroundRunPlugin, sbt.plugins.JUnitXmlReportPlugin, play.sbt.forkrun.PlayForkRun)))
Sending msg to client play-fork-run-32e859b3-4a1d-4005-91cf-7576efcbbd95: DetachedLogEvent(LogMessage(debug,  :: sorting:: found: List(sbt.plugins.CorePlugin, com.typesafe.sbt.web.SbtWeb, sbt.plugins.InteractionServicePlugin, sbt.plugins.SendEventServicePlugin, sbt.plugins.SerializersPlugin, sbt.plugins.IvyPlugin, com.typesafe.sbt.webdriver.SbtWebDriver, com.typesafe.sbt.jse.SbtJsEngine, sbt.plugins.JvmPlugin, com.typesafe.sbt.jse.SbtJsTask, play.twirl.sbt.SbtTwirl, sbt.plugins.BackgroundRunPlugin, sbt.plugins.JUnitXmlReportPlugin) not found List(play.PlayScala, play.Play, play.sbt.forkrun.PlayForkRun)))
Sending msg to client play-fork-run-32e859b3-4a1d-4005-91cf-7576efcbbd95: DetachedLogEvent(LogMessage(debug,  :: sorting:: found: List(sbt.plugins.CorePlugin, com.typesafe.sbt.web.SbtWeb, sbt.plugins.InteractionServicePlugin, sbt.plugins.SendEventServicePlugin, sbt.plugins.SerializersPlugin, sbt.plugins.IvyPlugin, com.typesafe.sbt.webdriver.SbtWebDriver, com.typesafe.sbt.jse.SbtJsEngine, sbt.plugins.JvmPlugin, com.typesafe.sbt.jse.SbtJsTask, play.twirl.sbt.SbtTwirl, sbt.plugins.BackgroundRunPlugin, sbt.plugins.JUnitXmlReportPlugin, play.Play) not found List(play.PlayScala, play.sbt.forkrun.PlayForkRun)))
Sending msg to client play-fork-run-32e859b3-4a1d-4005-91cf-7576efcbbd95: DetachedLogEvent(LogMessage(debug,  :: sorting:: found: List(sbt.plugins.CorePlugin, com.typesafe.sbt.web.SbtWeb, sbt.plugins.InteractionServicePlugin, sbt.plugins.SendEventServicePlugin, sbt.plugins.SerializersPlugin, sbt.plugins.IvyPlugin, com.typesafe.sbt.webdriver.SbtWebDriver, com.typesafe.sbt.jse.SbtJsEngine, sbt.plugins.JvmPlugin, com.typesafe.sbt.jse.SbtJsTask, play.twirl.sbt.SbtTwirl, sbt.plugins.BackgroundRunPlugin, sbt.plugins.JUnitXmlReportPlugin, play.Play, play.PlayScala, play.sbt.forkrun.PlayForkRun) not found List()))
Sending msg to client play-fork-run-32e859b3-4a1d-4005-91cf-7576efcbbd95: DetachedLogEvent(LogMessage(debug,  :: sorted deduced result: List(sbt.plugins.CorePlugin, com.typesafe.sbt.web.SbtWeb, sbt.plugins.InteractionServicePlugin, sbt.plugins.SendEventServicePlugin, sbt.plugins.SerializersPlugin, sbt.plugins.IvyPlugin, com.typesafe.sbt.webdriver.SbtWebDriver, com.typesafe.sbt.jse.SbtJsEngine, sbt.plugins.JvmPlugin, com.typesafe.sbt.jse.SbtJsTask, play.twirl.sbt.SbtTwirl, sbt.plugins.BackgroundRunPlugin, sbt.plugins.JUnitXmlReportPlugin, play.Play, play.PlayScala, play.sbt.forkrun.PlayForkRun)))
Sending msg to client play-fork-run-32e859b3-4a1d-4005-91cf-7576efcbbd95: DetachedLogEvent(LogMessage(debug,[Loading] Done in /home/sgl/develop/sources/Play/play-slick-advanced, returning: (play-slick-advanced)))
Sending msg to client play-fork-run-32e859b3-4a1d-4005-91cf-7576efcbbd95: DetachedLogEvent(LogMessage(info,Set current project to play-slick-advanced (in build file:/home/sgl/develop/sources/Play/play-slick-advanced/)))
Sending msg to client play-fork-run-32e859b3-4a1d-4005-91cf-7576efcbbd95: DetachedLogEvent(LogMessage(info,Reapplying settings...))
Sending msg to client play-fork-run-32e859b3-4a1d-4005-91cf-7576efcbbd95: DetachedLogEvent(LogMessage(info,Set current project to play-slick-advanced (in build file:/home/sgl/develop/sources/Play/play-slick-advanced/)))
Sending msg to client play-fork-run-32e859b3-4a1d-4005-91cf-7576efcbbd95: DetachedLogEvent(LogMessage(debug,> iflast shell))
Sending msg to client play-fork-run-32e859b3-4a1d-4005-91cf-7576efcbbd95: DetachedLogEvent(LogMessage(debug,> server-send-ready-for-request))
Sending msg to client play-fork-run-32e859b3-4a1d-4005-91cf-7576efcbbd95: BuildLoaded()
Sending msg to client play-fork-run-32e859b3-4a1d-4005-91cf-7576efcbbd95: DetachedLogEvent(LogMessage(debug,> server-handle-next-server-request))
Client play-fork-run-32e859b3-4a1d-4005-91cf-7576efcbbd95 EOF, shutting down.
Stopping client.
Dropping message (0,ReceivedResponse()) to dead client play-fork-run-32e859b3-4a1d-4005-91cf-7576efcbbd95
Client play-fork-run-32e859b3-4a1d-4005-91cf-7576efcbbd95 thread exiting.
